[38;5;0m[HTTP][0m [37m-->[39m [37mPOST[39m [37m/session[39m
[38;5;0m[HTTP][0m [90m{"capabilities":{"alwaysMatch":{"platformName":"Android","appium:deviceName":"Android GoogleAPI Emulator","appium:app":"D:\\AppiumProject\\ApiDemos-debug.apk","appium:automationName":"UiAutomator2"},"firstMatch":[{}]},"desiredCapabilities":{"platformName":"Android","appium:deviceName":"Android GoogleAPI Emulator","appium:app":"D:\\AppiumProject\\ApiDemos-debug.apk","appium:automationName":"UiAutomator2"}}[39m
[38;5;16m[AppiumDriver@d4d8][0m Calling AppiumDriver.createSession() with args: [{"platformName":"Android","appium:deviceName":"Android GoogleAPI Emulator","appium:app":"D:\\AppiumProject\\ApiDemos-debug.apk","appium:automationName":"UiAutomator2"},null,{"alwaysMatch":{"platformName":"Android","appium:deviceName":"Android GoogleAPI Emulator","appium:app":"D:\\AppiumProject\\ApiDemos-debug.apk","appium:automationName":"UiAutomator2"},"firstMatch":[{}]}]
[38;5;16m[AppiumDriver@d4d8][0m Event 'newSessionRequested' logged at 1714296807549 (14:33:27 GMT+0500 (Pakistan Standard Time))
[35m[Appium][39m Attempting to find matching driver for automationName 'UiAutomator2' and platformName 'Android'
[35m[Appium][39m The 'uiautomator2' driver was installed and matched caps.
[35m[Appium][39m Will require it at C:\Users\danyal.hassan\.appium\node_modules\appium-uiautomator2-driver
[35m[Appium][39m Requiring driver at C:\Users\danyal.hassan\.appium\node_modules\appium-uiautomator2-driver\build\index.js
[38;5;16m[AppiumDriver@d4d8][0m Appium v2.5.4 creating new AndroidUiautomator2Driver (v3.1.0) session
[38;5;16m[AppiumDriver@d4d8][0m Checking BaseDriver versions for Appium and AndroidUiautomator2Driver
[38;5;16m[AppiumDriver@d4d8][0m Appium's BaseDriver version is 9.6.0
[38;5;16m[AppiumDriver@d4d8][0m AndroidUiautomator2Driver's BaseDriver version is 9.6.0
[38;5;16m[AppiumDriver@d4d8][0m Applying relaxed security to 'AndroidUiautomator2Driver' as per server command line argument. All insecure features will be enabled unless explicitly disabled by --deny-insecure
[38;5;32m[AndroidUiautomator2Driver@f94a][0m Creating session with W3C capabilities: {
[38;5;32m[AndroidUiautomator2Driver@f94a][0m   "alwaysMatch": {
[38;5;32m[AndroidUiautomator2Driver@f94a][0m     "platformName": "Android",
[38;5;32m[AndroidUiautomator2Driver@f94a][0m     "appium:deviceName": "Android GoogleAPI Emulator",
[38;5;32m[AndroidUiautomator2Driver@f94a][0m     "appium:app": "D:\\AppiumProject\\ApiDemos-debug.apk",
[38;5;32m[AndroidUiautomator2Driver@f94a][0m     "appium:automationName": "UiAutomator2"
[38;5;32m[AndroidUiautomator2Driver@f94a][0m   },
[38;5;32m[AndroidUiautomator2Driver@f94a][0m   "firstMatch": [
[38;5;32m[AndroidUiautomator2Driver@f94a][0m     {}
[38;5;32m[AndroidUiautomator2Driver@f94a][0m   ]
[38;5;32m[AndroidUiautomator2Driver@f94a][0m }
[38;5;32m[AndroidUiautomator2Driver@f94a (2c4577fa)][0m Session created with session id: 2c4577fa-6617-4cba-a287-3e515a785b7c
[38;5;48m[ADB][0m Found 3 'build-tools' folders under 'C:\Users\danyal.hassan\AppData\Local\Android\Sdk\' (newest first):
[38;5;48m[ADB][0m     C:\Users\danyal.hassan\AppData\Local\Android\Sdk\build-tools\35.0.0-rc3
[38;5;48m[ADB][0m     C:\Users\danyal.hassan\AppData\Local\Android\Sdk\build-tools\33.0.2
[38;5;48m[ADB][0m     C:\Users\danyal.hassan\AppData\Local\Android\Sdk\build-tools\30.0.3
[38;5;48m[ADB][0m Using 'adb.exe' from 'C:\Users\danyal.hassan\AppData\Local\Android\Sdk\platform-tools\adb.exe'
[38;5;48m[ADB][0m Running 'C:\Users\danyal.hassan\AppData\Local\Android\Sdk\platform-tools\adb.exe -P 5037 start-server'
[38;5;32m[AndroidUiautomator2Driver@f94a (2c4577fa)][0m Retrieving device list
[38;5;48m[ADB][0m Trying to find connected Android devices
[38;5;48m[ADB][0m Getting connected devices
[38;5;48m[ADB][0m Connected devices: [{"udid":"emulator-5554","state":"device"}]
[38;5;32m[AndroidUiautomator2Driver@f94a (2c4577fa)][0m Using device: emulator-5554
[38;5;48m[ADB][0m Using 'adb.exe' from 'C:\Users\danyal.hassan\AppData\Local\Android\Sdk\platform-tools\adb.exe'
[38;5;48m[ADB][0m Running 'C:\Users\danyal.hassan\AppData\Local\Android\Sdk\platform-tools\adb.exe -P 5037 start-server'
[38;5;48m[ADB][0m Setting device id to emulator-5554
[38;5;64m[BaseDriver][0m Using local app 'D:\AppiumProject\ApiDemos-debug.apk'
[38;5;32m[AndroidUiautomator2Driver@f94a (2c4577fa)][0m Checking whether app is actually present
[38;5;48m[ADB][0m Running 'C:\Users\danyal.hassan\AppData\Local\Android\Sdk\platform-tools\adb.exe -P 5037 -s emulator-5554 shell getprop ro.build.version.sdk'
[38;5;48m[ADB][0m Current device property 'ro.build.version.sdk': 34
[38;5;48m[ADB][0m Getting device platform version
[38;5;48m[ADB][0m Running 'C:\Users\danyal.hassan\AppData\Local\Android\Sdk\platform-tools\adb.exe -P 5037 -s emulator-5554 shell getprop ro.build.version.release'
[38;5;48m[ADB][0m Current device property 'ro.build.version.release': 14
[38;5;48m[ADB][0m Device API level: 34
[38;5;32m[AndroidUiautomator2Driver@f94a (2c4577fa)][0m Relaxing hidden api policy
[38;5;48m[ADB][0m Running 'C:\Users\danyal.hassan\AppData\Local\Android\Sdk\platform-tools\adb.exe -P 5037 -s emulator-5554 shell 'settings put global hidden_api_policy_pre_p_apps 1;settings put global hidden_api_policy_p_apps 1;settings put global hidden_api_policy 1''
[38;5;32m[AndroidUiautomator2Driver@f94a (2c4577fa)][0m Parsing package and activity from app manifest
[38;5;48m[ADB][0m Running 'C:\Users\danyal.hassan\AppData\Local\Android\Sdk\platform-tools\adb.exe -P 5037 -s emulator-5554 wait-for-device'
[38;5;48m[ADB][0m Package name: 'io.appium.android.apis'
[38;5;48m[ADB][0m Main activity name: 'io.appium.android.apis.ApiDemos'
[38;5;32m[AndroidUiautomator2Driver@f94a (2c4577fa)][0m Parsed package and activity are: io.appium.android.apis/io.appium.android.apis.ApiDemos
[38;5;48m[ADB][0m Running 'C:\Users\danyal.hassan\AppData\Local\Android\Sdk\platform-tools\adb.exe -P 5037 -s emulator-5554 shell echo ping'
[38;5;32m[AndroidUiautomator2Driver@f94a (2c4577fa)][0m Pushing settings apk to the device...
[38;5;48m[ADB][0m Getting package info for 'io.appium.settings'
[38;5;48m[ADB][0m Running 'C:\Users\danyal.hassan\AppData\Local\Android\Sdk\platform-tools\adb.exe -P 5037 -s emulator-5554 shell dumpsys package io.appium.settings'
[38;5;48m[ADB][0m The version name of the installed 'io.appium.settings' is greater or equal to the application version name ('5.7.9' >= '5.7.9')
[38;5;48m[ADB][0m There is no need to install/upgrade 'C:\Users\danyal.hassan\.appium\node_modules\appium-uiautomator2-driver\node_modules\io.appium.settings\apks\settings_apk-debug.apk'
[38;5;48m[ADB][0m Running 'C:\Users\danyal.hassan\AppData\Local\Android\Sdk\platform-tools\adb.exe -P 5037 -s emulator-5554 shell dumpsys activity services io.appium.settings'
[38;5;32m[AndroidUiautomator2Driver@f94a (2c4577fa)][0m io.appium.settings is already running. There is no need to reset its permissions.
[38;5;80m[Logcat][0m Starting logs capture with command: C:\\Users\\danyal.hassan\\AppData\\Local\\Android\\Sdk\\platform-tools\\adb.exe -P 5037 -s emulator-5554 logcat -v threadtime
[38;5;32m[AndroidUiautomator2Driver@f94a (2c4577fa)][0m Forwarding UiAutomator2 Server port 6790 to local port 8201
[38;5;48m[ADB][0m Forwarding system: 8201 to device: 6790
[38;5;48m[ADB][0m Running 'C:\Users\danyal.hassan\AppData\Local\Android\Sdk\platform-tools\adb.exe -P 5037 -s emulator-5554 forward tcp:8201 tcp:6790'
[38;5;48m[ADB][0m Getting package info for 'io.appium.uiautomator2.server'
[38;5;48m[ADB][0m Running 'C:\Users\danyal.hassan\AppData\Local\Android\Sdk\platform-tools\adb.exe -P 5037 -s emulator-5554 shell dumpsys package io.appium.uiautomator2.server'
[38;5;48m[ADB][0m Getting install status for io.appium.uiautomator2.server.test
[38;5;48m[ADB][0m Checking app cert for D:\AppiumProject\ApiDemos-debug.apk
[38;5;48m[ADB][0m Running 'C:\Users\danyal.hassan\AppData\Local\Android\Sdk\platform-tools\adb.exe -P 5037 -s emulator-5554 shell cmd package list packages'
[38;5;48m[ADB][0m Using 'apksigner.jar' from 'C:\Users\danyal.hassan\AppData\Local\Android\Sdk\build-tools\35.0.0-rc3\lib\apksigner.jar'
[38;5;48m[ADB][0m Starting apksigner: 'C:\\Program Files\\Java\\jdk-20.0.1\\bin\\java.exe' -Xmx1024M -Xss1m -jar C:\\Users\\danyal.hassan\\AppData\\Local\\Android\\Sdk\\build-tools\\35.0.0-rc3\\lib\\apksigner.jar verify --print-certs D:\\AppiumProject\\ApiDemos-debug.apk
[38;5;48m[ADB][0m 'io.appium.uiautomator2.server.test' is installed
[38;5;48m[ADB][0m apksigner stdout: Signer #1 certificate DN: EMAILADDRESS=android@android.com, CN=Android, OU=Android, O=Android, L=Mountain View, ST=California, C=US
[38;5;48m[ADB][0m Signer #1 certificate SHA-256 digest: a40da80a59d170caa950cf15c18c454d47a39b26989d8b640ecd745ba71bf5dc
[38;5;48m[ADB][0m Signer #1 certificate SHA-1 digest: 61ed377e85d386a8dfee6b864bd85b0bfaa5af81
[38;5;48m[ADB][0m Signer #1 certificate MD5 digest: e89b158e4bcf988ebd09eb83f5378e87
[38;5;48m[ADB][0m 
[38;5;48m[ADB][0m sha256 hash did match for 'ApiDemos-debug.apk'
[38;5;48m[ADB][0m 'D:\AppiumProject\ApiDemos-debug.apk' is signed with the default certificate
[38;5;48m[ADB][0m Getting package info for 'io.appium.android.apis'
[38;5;48m[ADB][0m Running 'C:\Users\danyal.hassan\AppData\Local\Android\Sdk\platform-tools\adb.exe -P 5037 -s emulator-5554 shell dumpsys package io.appium.android.apis'
[38;5;48m[ADB][0m The version name of the installed 'io.appium.uiautomator2.server' is greater or equal to the application version name ('7.0.5' >= '7.0.5')
[38;5;32m[AndroidUiautomator2Driver@f94a (2c4577fa)][0m Server packages status: [{"installState":"sameVersionInstalled","appPath":"C:\\Users\\danyal.hassan\\.appium\\node_modules\\appium-uiautomator2-driver\\node_modules\\appium-uiautomator2-server\\apks\\appium-uiautomator2-server-v7.0.5.apk","appId":"io.appium.uiautomator2.server"},{"installState":"sameVersionInstalled","appPath":"C:\\Users\\danyal.hassan\\.appium\\node_modules\\appium-uiautomator2-driver\\node_modules\\appium-uiautomator2-server\\apks\\appium-uiautomator2-server-debug-androidTest.apk","appId":"io.appium.uiautomator2.server.test"}]
[38;5;32m[AndroidUiautomator2Driver@f94a (2c4577fa)][0m Server packages are not going to be (re)installed
[38;5;32m[AndroidUiautomator2Driver@f94a (2c4577fa)][0m Waiting up to 30000ms for services to be available
[38;5;48m[ADB][0m Running 'C:\Users\danyal.hassan\AppData\Local\Android\Sdk\platform-tools\adb.exe -P 5037 -s emulator-5554 shell pm list instrumentation'
[38;5;48m[ADB][0m The version name of the installed 'io.appium.android.apis' is greater or equal to the application version name ('3.1.0' >= '3.1.0')
[38;5;48m[ADB][0m There is no need to install/upgrade 'D:\AppiumProject\ApiDemos-debug.apk'
[38;5;32m[AndroidUiautomator2Driver@f94a (2c4577fa)][0m Performing fast reset on 'io.appium.android.apis'
[38;5;48m[ADB][0m Getting install status for io.appium.android.apis
[38;5;48m[ADB][0m Running 'C:\Users\danyal.hassan\AppData\Local\Android\Sdk\platform-tools\adb.exe -P 5037 -s emulator-5554 shell cmd package list packages'
[38;5;48m[ADB][0m 'io.appium.android.apis' is installed
[38;5;32m[AndroidUiautomator2Driver@f94a (2c4577fa)][0m Instrumentation target 'io.appium.uiautomator2.server.test/androidx.test.runner.AndroidJUnitRunner' is available
[38;5;48m[ADB][0m Running 'C:\Users\danyal.hassan\AppData\Local\Android\Sdk\platform-tools\adb.exe -P 5037 -s emulator-5554 shell am force-stop io.appium.android.apis'
[38;5;48m[ADB][0m Adding packages ["io.appium.settings","io.appium.uiautomator2.server","io.appium.uiautomator2.server.test"] to Doze whitelist
[38;5;48m[ADB][0m Got the following command chunks to execute: [["dumpsys","deviceidle","whitelist","+io.appium.settings",";","dumpsys","deviceidle","whitelist","+io.appium.uiautomator2.server",";","dumpsys","deviceidle","whitelist","+io.appium.uiautomator2.server.test",";"]]
[38;5;48m[ADB][0m Running 'C:\Users\danyal.hassan\AppData\Local\Android\Sdk\platform-tools\adb.exe -P 5037 -s emulator-5554 shell dumpsys deviceidle whitelist +io.appium.settings ; dumpsys deviceidle whitelist +io.appium.uiautomator2.server ; dumpsys deviceidle whitelist +io.appium.uiautomator2.server.test ;'
[38;5;48m[ADB][0m Running 'C:\Users\danyal.hassan\AppData\Local\Android\Sdk\platform-tools\adb.exe -P 5037 -s emulator-5554 shell pm clear io.appium.android.apis'
[38;5;32m[AndroidUiautomator2Driver@f94a (2c4577fa)][0m Performed fast reset on the installed 'io.appium.android.apis' application (stop and clear)
[38;5;32m[AndroidUiautomator2Driver@f94a (2c4577fa)][0m Performing shallow cleanup of automation leftovers
[38;5;32m[AndroidUiautomator2Driver@f94a (2c4577fa)][0m No obsolete sessions have been detected (timeout of 500ms exceeded)
[38;5;48m[ADB][0m Running 'C:\Users\danyal.hassan\AppData\Local\Android\Sdk\platform-tools\adb.exe -P 5037 -s emulator-5554 shell am force-stop io.appium.uiautomator2.server.test'
[38;5;32m[AndroidUiautomator2Driver@f94a (2c4577fa)][0m The io.appium.uiautomator2.server.test process might fail to stop within 3000ms timeout.
[38;5;32m[AndroidUiautomator2Driver@f94a (2c4577fa)][0m Starting UIAutomator2 server 7.0.5
[38;5;32m[AndroidUiautomator2Driver@f94a (2c4577fa)][0m Using UIAutomator2 server from 'C:\Users\danyal.hassan\.appium\node_modules\appium-uiautomator2-driver\node_modules\appium-uiautomator2-server\apks\appium-uiautomator2-server-v7.0.5.apk' and test from 'C:\Users\danyal.hassan\.appium\node_modules\appium-uiautomator2-driver\node_modules\appium-uiautomator2-server\apks\appium-uiautomator2-server-debug-androidTest.apk'
[38;5;32m[AndroidUiautomator2Driver@f94a (2c4577fa)][0m Waiting up to 30000ms for UiAutomator2 to be online...
[38;5;48m[ADB][0m Creating ADB subprocess with args: ["-P","5037","-s","emulator-5554","shell","am","instrument","-w","-e","disableAnalytics","true","io.appium.uiautomator2.server.test/androidx.test.runner.AndroidJUnitRunner"]
[38;5;32m[AndroidUiautomator2Driver@f94a (2c4577fa)][0m Matched '/status' to command name 'getStatus'
[38;5;32m[AndroidUiautomator2Driver@f94a (2c4577fa)][0m Proxying [GET /status] to [GET http://127.0.0.1:8201/status] with no body
[38;5;32m[AndroidUiautomator2Driver@f94a (2c4577fa)][0m Got response with status 200: {"sessionId":"None","value":{"message":"UiAutomator2 Server is ready to accept commands","ready":true}}
[38;5;32m[AndroidUiautomator2Driver@f94a (2c4577fa)][0m The initialization of the instrumentation process took 160ms
[38;5;32m[AndroidUiautomator2Driver@f94a (2c4577fa)][0m Matched '/session' to command name 'createSession'
[38;5;32m[AndroidUiautomator2Driver@f94a (2c4577fa)][0m Proxying [POST /session] to [POST http://127.0.0.1:8201/session] with body: {"capabilities":{"firstMatch":[{"platformName":"Android","deviceName":"emulator-5554","app":"D:\\AppiumProject\\ApiDemos-debug.apk","automationName":"UiAutomator2","platform":"LINUX","webStorageEnabled":false,"takesScreenshot":true,"javascriptEnabled":true,"databaseEnabled":false,"networkConnectionEnabled":true,"locationContextEnabled":false,"warnings":{},"desired":{"platformName":"Android","deviceName":"Android GoogleAPI Emulator","app":"D:\\AppiumProject\\ApiDemos-debug.apk","automationName":"UiAutomator2"},"deviceUDID":"emulator-5554","appPackage":"io.appium.android.apis"}],"alwaysMatch":{}}}
[38;5;32m[AndroidUiautomator2Driver@f94a (2c4577fa)][0m Got response with status 500: {"sessionId":null,"value":{"error":"session not created","message":"java.lang.IllegalStateException: UiAutomation not connected, UiAutomation@36359d9[id=-1, displayId=0, flags=0]","stacktrace":"io.appium.uiautomator2.common.exceptions.SessionNotCreatedException: java.lang.IllegalStateException: UiAutomation not connected, UiAutomation@36359d9[id=-1, displayId=0, flags=0]\n\tat io.appium.uiautomator2.handler.NewSession.safeHandle(NewSession.java:60)\n\tat io.appium.uiautomator2.handler.request.SafeRequestHandler.handle(SafeRequestHandler.java:59)\n\tat io.appium.uiautomator2.server.AppiumServlet.handleRequest(AppiumServlet.java:259)\n\tat io.appium.uiautomator2.server.AppiumServlet.handleHttpRequest(AppiumServlet.java:253)\n\tat io.appium.uiautomator2.http.ServerHandler.channelRead(ServerHandler.java:77)\n\tat io.netty.channel.AbstractChannelHandlerContext.invokeChannelRead(AbstractChannelHandlerContext.java:366)\n\tat io.netty.channel.AbstractChannelHandlerContext.invokeChannelRead(AbstractChannelHandlerCo...
[38;5;96m[W3C][0m Matched W3C error code 'session not created' to SessionNotCreatedError
[38;5;32m[AndroidUiautomator2Driver@f94a (2c4577fa)][0m Deleting UiAutomator2 session
[38;5;32m[AndroidUiautomator2Driver@f94a (2c4577fa)][0m Deleting UiAutomator2 server session
[38;5;32m[AndroidUiautomator2Driver@f94a (2c4577fa)][0m Matched '/' to command name 'deleteSession'
[38;5;32m[AndroidUiautomator2Driver@f94a (2c4577fa)][0m Did not get confirmation UiAutomator2 deleteSession worked; Error was: UnknownError: An unknown server-side error occurred while processing the command. Original error: Trying to proxy a session command without session id
[38;5;48m[ADB][0m Running 'C:\Users\danyal.hassan\AppData\Local\Android\Sdk\platform-tools\adb.exe -P 5037 -s emulator-5554 shell dumpsys activity services io.appium.settings/.recorder.RecorderService'
[38;5;48m[ADB][0m Running 'C:\Users\danyal.hassan\AppData\Local\Android\Sdk\platform-tools\adb.exe -P 5037 -s emulator-5554 shell am force-stop io.appium.android.apis'
[38;5;80m[Logcat][0m Stopping logcat capture
[38;5;48m[ADB][0m Removing forwarded port socket connection: 8201 
[38;5;48m[ADB][0m Running 'C:\Users\danyal.hassan\AppData\Local\Android\Sdk\platform-tools\adb.exe -P 5037 -s emulator-5554 forward --remove tcp:8201'
[38;5;32m[AndroidUiautomator2Driver@f94a (2c4577fa)][0m Restoring hidden api policy to the device default configuration
[38;5;48m[ADB][0m Running 'C:\Users\danyal.hassan\AppData\Local\Android\Sdk\platform-tools\adb.exe -P 5037 -s emulator-5554 shell 'settings delete global hidden_api_policy_pre_p_apps;settings delete global hidden_api_policy_p_apps;settings delete global hidden_api_policy''
[38;5;16m[AppiumDriver@d4d8][0m Event 'newSessionStarted' logged at 1714296818254 (14:33:38 GMT+0500 (Pakistan Standard Time))
[38;5;16m[AppiumDriver@d4d8][0m Encountered internal error running command: A new session could not be created. Details: java.lang.IllegalStateException: UiAutomation not connected, UiAutomation@36359d9[id=-1, displayId=0, flags=0]
[38;5;16m[AppiumDriver@d4d8][0m io.appium.uiautomator2.common.exceptions.SessionNotCreatedException: java.lang.IllegalStateException: UiAutomation not connected, UiAutomation@36359d9[id=-1, displayId=0, flags=0]
[38;5;16m[AppiumDriver@d4d8][0m 	at io.appium.uiautomator2.handler.NewSession.safeHandle(NewSession.java:60)
[38;5;16m[AppiumDriver@d4d8][0m 	at io.appium.uiautomator2.handler.request.SafeRequestHandler.handle(SafeRequestHandler.java:59)
[38;5;16m[AppiumDriver@d4d8][0m 	at io.appium.uiautomator2.server.AppiumServlet.handleRequest(AppiumServlet.java:259)
[38;5;16m[AppiumDriver@d4d8][0m 	at io.appium.uiautomator2.server.AppiumServlet.handleHttpRequest(AppiumServlet.java:253)
[38;5;16m[AppiumDriver@d4d8][0m 	at io.appium.uiautomator2.http.ServerHandler.channelRead(ServerHandler.java:77)
[38;5;16m[AppiumDriver@d4d8][0m 	at io.netty.channel.AbstractChannelHandlerContext.invokeChannelRead(AbstractChannelHandlerContext.java:366)
[38;5;16m[AppiumDriver@d4d8][0m 	at io.netty.channel.AbstractChannelHandlerContext.invokeChannelRead(AbstractChannelHandlerContext.java:352)
[38;5;16m[AppiumDriver@d4d8][0m 	at io.netty.channel.AbstractChannelHandlerContext.fireChannelRead(AbstractChannelHandlerContext.java:345)
[38;5;16m[AppiumDriver@d4d8][0m 	at io.netty.handler.codec.MessageToMessageDecoder.channelRead(MessageToMessageDecoder.java:102)
[38;5;16m[AppiumDriver@d4d8][0m 	at io.netty.channel.AbstractChannelHandlerContext.invokeChannelRead(AbstractChannelHandlerContext.java:366)
[38;5;16m[AppiumDriver@d4d8][0m 	at io.netty.channel.AbstractChannelHandlerContext.invokeChannelRead(AbstractChannelHandlerContext.java:352)
[38;5;16m[AppiumDriver@d4d8][0m 	at io.netty.channel.AbstractChannelHandlerContext.fireChannelRead(AbstractChannelHandlerContext.java:345)
[38;5;16m[AppiumDriver@d4d8][0m 	at io.netty.channel.CombinedChannelDuplexHandler$DelegatingChannelHandlerContext.fireChannelRead(CombinedChannelDuplexHandler.java:435)
[38;5;16m[AppiumDriver@d4d8][0m 	at io.netty.handler.codec.ByteToMessageDecoder.fireChannelRead(ByteToMessageDecoder.java:293)
[38;5;16m[AppiumDriver@d4d8][0m 	at io.netty.handler.codec.ByteToMessageDecoder.channelRead(ByteToMessageDecoder.java:267)
[38;5;16m[AppiumDriver@d4d8][0m 	at io.netty.channel.CombinedChannelDuplexHandler.channelRead(CombinedChannelDuplexHandler.java:250)
[38;5;16m[AppiumDriver@d4d8][0m 	at io.netty.channel.AbstractChannelHandlerContext.invokeChannelRead(AbstractChannelHandlerContext.java:366)
[38;5;16m[AppiumDriver@d4d8][0m 	at io.netty.channel.AbstractChannelHandlerContext.invokeChannelRead(AbstractChannelHandlerContext.java:352)
[38;5;16m[AppiumDriver@d4d8][0m 	at io.netty.channel.AbstractChannelHandlerContext.fireChannelRead(AbstractChannelHandlerContext.java:345)
[38;5;16m[AppiumDriver@d4d8][0m 	at io.netty.handler.timeout.IdleStateHandler.channelRead(IdleStateHandler.java:266)
[38;5;16m[AppiumDriver@d4d8][0m 	at io.netty.channel.AbstractChannelHandlerContext.invokeChannelRead(AbstractChannelHandlerContext.java:366)
[38;5;16m[AppiumDriver@d4d8][0m 	at io.netty.channel.AbstractChannelHandlerContext.invokeChannelRead(AbstractChannelHandlerContext.java:352)
[38;5;16m[AppiumDriver@d4d8][0m 	at io.netty.channel.AbstractChannelHandlerContext.fireChannelRead(AbstractChannelHandlerContext.java:345)
[38;5;16m[AppiumDriver@d4d8][0m 	at io.netty.channel.DefaultChannelPipeline$HeadContext.channelRead(DefaultChannelPipeline.java:1294)
[38;5;16m[AppiumDriver@d4d8][0m 	at io.netty.channel.AbstractChannelHandlerContext.invokeChannelRead(AbstractChannelHandlerContext.java:366)
[38;5;16m[AppiumDriver@d4d8][0m 	at io.netty.channel.AbstractChannelHandlerContext.invokeChannelRead(AbstractChannelHandlerContext.java:352)
[38;5;16m[AppiumDriver@d4d8][0m 	at io.netty.channel.DefaultChannelPipeline.fireChannelRead(DefaultChannelPipeline.java:911)
[38;5;16m[AppiumDriver@d4d8][0m 	at io.netty.channel.nio.AbstractNioByteChannel$NioByteUnsafe.read(AbstractNioByteChannel.java:131)
[38;5;16m[AppiumDriver@d4d8][0m 	at io.netty.channel.nio.NioEventLoop.processSelectedKey(NioEventLoop.java:611)
[38;5;16m[AppiumDriver@d4d8][0m 	at io.netty.channel.nio.NioEventLoop.processSelectedKeysOptimized(NioEventLoop.java:552)
[38;5;16m[AppiumDriver@d4d8][0m 	at io.netty.channel.nio.NioEventLoop.processSelectedKeys(NioEventLoop.java:466)
[38;5;16m[AppiumDriver@d4d8][0m 	at io.netty.channel.nio.NioEventLoop.run(NioEventLoop.java:438)
[38;5;16m[AppiumDriver@d4d8][0m 	at io.netty.util.concurrent.SingleThreadEventExecutor$2.run(SingleThreadEventExecutor.java:140)
[38;5;16m[AppiumDriver@d4d8][0m 	at io.netty.util.concurrent.DefaultThreadFactory$DefaultRunnableDecorator.run(DefaultThreadFactory.java:144)
[38;5;16m[AppiumDriver@d4d8][0m 	at java.lang.Thread.run(Thread.java:1012)
[38;5;16m[AppiumDriver@d4d8][0m Caused by: java.lang.IllegalStateException: UiAutomation not connected, UiAutomation@36359d9[id=-1, displayId=0, flags=0]
[38;5;16m[AppiumDriver@d4d8][0m 	at android.app.UiAutomation.throwIfNotConnectedLocked(UiAutomation.java:1640)
[38;5;16m[AppiumDriver@d4d8][0m 	at android.app.UiAutomation.getServiceInfo(UiAutomation.java:711)
[38;5;16m[AppiumDriver@d4d8][0m 	at androidx.test.uiautomator.UiDevice.getUiAutomation(UiDevice.java:1476)
[38;5;16m[AppiumDriver@d4d8][0m 	at androidx.test.uiautomator.QueryController.<init>(QueryController.java:95)
[38;5;16m[AppiumDriver@d4d8][0m 	at androidx.test.uiautomator.UiDevice.<init>(UiDevice.java:113)
[38;5;16m[AppiumDriver@d4d8][0m 	at androidx.test.uiautomator.UiDevice.getInstance(UiDevice.java:294)
[38;5;16m[AppiumDriver@d4d8][0m 	at io.appium.uiautomator2.utils.Device.getUiDevice(Device.java:34)
[38;5;16m[AppiumDriver@d4d8][0m 	at io.appium.uiautomator2.core.UiAutomatorBridge.getUiAutomation(UiAutomatorBridge.java:57)
[38;5;16m[AppiumDriver@d4d8][0m 	at io.appium.uiautomator2.core.UiAutomation.<init>(UiAutomation.java:32)
[38;5;16m[AppiumDriver@d4d8][0m 	at io.appium.uiautomator2.core.UiAutomation.getInstance(UiAutomation.java:37)
[38;5;16m[AppiumDriver@d4d8][0m 	at io.appium.uiautomator2.model.NotificationListener.<init>(NotificationListener.java:43)
[38;5;16m[AppiumDriver@d4d8][0m 	at io.appium.uiautomator2.model.NotificationListener.getInstance(NotificationListener.java:48)
[38;5;16m[AppiumDriver@d4d8][0m 	at io.appium.uiautomator2.model.settings.EnableNotificationListener.getValue(EnableNotificationListener.java:31)
[38;5;16m[AppiumDriver@d4d8][0m 	at io.appium.uiautomator2.model.settings.EnableNotificationListener.getValue(EnableNotificationListener.java:21)
[38;5;16m[AppiumDriver@d4d8][0m 	at io.appium.uiautomator2.model.settings.AbstractSetting.reset(AbstractSetting.java:57)
[38;5;16m[AppiumDriver@d4d8][0m 	at io.appium.uiautomator2.model.settings.Settings.resetForNewSession(Settings.java:73)
[38;5;16m[AppiumDriver@d4d8][0m 	at io.appium.uiautomator2.handler.NewSession.safeHandle(NewSession.java:52)
[38;5;16m[AppiumDriver@d4d8][0m 	... 34 more
[38;5;16m[AppiumDriver@d4d8][0m 
[38;5;0m[HTTP][0m [37m<-- POST /session [39m[31m500[39m [90m10735 ms - 5481[39m
[38;5;0m[HTTP][0m [90m[39m
[38;5;0m[HTTP][0m [37m-->[39m [37mPOST[39m [37m/session[39m
[38;5;0m[HTTP][0m [90m{"capabilities":{"alwaysMatch":{"platformName":"Android","appium:deviceName":"Android GoogleAPI Emulator","appium:app":"D:\\AppiumProject\\ApiDemos-debug.apk","appium:automationName":"UiAutomator2"},"firstMatch":[{}]},"desiredCapabilities":{"platformName":"Android","appium:deviceName":"Android GoogleAPI Emulator","appium:app":"D:\\AppiumProject\\ApiDemos-debug.apk","appium:automationName":"UiAutomator2"}}[39m
[38;5;16m[AppiumDriver@d4d8][0m Calling AppiumDriver.createSession() with args: [{"platformName":"Android","appium:deviceName":"Android GoogleAPI Emulator","appium:app":"D:\\AppiumProject\\ApiDemos-debug.apk","appium:automationName":"UiAutomator2"},null,{"alwaysMatch":{"platformName":"Android","appium:deviceName":"Android GoogleAPI Emulator","appium:app":"D:\\AppiumProject\\ApiDemos-debug.apk","appium:automationName":"UiAutomator2"},"firstMatch":[{}]}]
[38;5;16m[AppiumDriver@d4d8][0m Event 'newSessionRequested' logged at 1714296818437 (14:33:38 GMT+0500 (Pakistan Standard Time))
[35m[Appium][39m Attempting to find matching driver for automationName 'UiAutomator2' and platformName 'Android'
[35m[Appium][39m The 'uiautomator2' driver was installed and matched caps.
[35m[Appium][39m Will require it at C:\Users\danyal.hassan\.appium\node_modules\appium-uiautomator2-driver
[35m[Appium][39m Requiring driver at C:\Users\danyal.hassan\.appium\node_modules\appium-uiautomator2-driver\build\index.js
[38;5;16m[AppiumDriver@d4d8][0m Appium v2.5.4 creating new AndroidUiautomator2Driver (v3.1.0) session
[38;5;16m[AppiumDriver@d4d8][0m Checking BaseDriver versions for Appium and AndroidUiautomator2Driver
[38;5;16m[AppiumDriver@d4d8][0m Appium's BaseDriver version is 9.6.0
[38;5;16m[AppiumDriver@d4d8][0m AndroidUiautomator2Driver's BaseDriver version is 9.6.0
[38;5;16m[AppiumDriver@d4d8][0m Applying relaxed security to 'AndroidUiautomator2Driver' as per server command line argument. All insecure features will be enabled unless explicitly disabled by --deny-insecure
[38;5;32m[AndroidUiautomator2Driver@5ad7][0m Creating session with W3C capabilities: {
[38;5;32m[AndroidUiautomator2Driver@5ad7][0m   "alwaysMatch": {
[38;5;32m[AndroidUiautomator2Driver@5ad7][0m     "platformName": "Android",
[38;5;32m[AndroidUiautomator2Driver@5ad7][0m     "appium:deviceName": "Android GoogleAPI Emulator",
[38;5;32m[AndroidUiautomator2Driver@5ad7][0m     "appium:app": "D:\\AppiumProject\\ApiDemos-debug.apk",
[38;5;32m[AndroidUiautomator2Driver@5ad7][0m     "appium:automationName": "UiAutomator2"
[38;5;32m[AndroidUiautomator2Driver@5ad7][0m   },
[38;5;32m[AndroidUiautomator2Driver@5ad7][0m   "firstMatch": [
[38;5;32m[AndroidUiautomator2Driver@5ad7][0m     {}
[38;5;32m[AndroidUiautomator2Driver@5ad7][0m   ]
[38;5;32m[AndroidUiautomator2Driver@5ad7][0m }
[38;5;32m[AndroidUiautomator2Driver@5ad7 (1ed8a5f2)][0m Session created with session id: 1ed8a5f2-3731-4c45-aaea-6f96bfcc98a9
[38;5;48m[ADB][0m Using 'adb.exe' from 'C:\Users\danyal.hassan\AppData\Local\Android\Sdk\platform-tools\adb.exe'
[38;5;48m[ADB][0m Running 'C:\Users\danyal.hassan\AppData\Local\Android\Sdk\platform-tools\adb.exe -P 5037 start-server'
[38;5;32m[AndroidUiautomator2Driver@5ad7 (1ed8a5f2)][0m Retrieving device list
[38;5;48m[ADB][0m Trying to find connected Android devices
[38;5;48m[ADB][0m Getting connected devices
[38;5;48m[ADB][0m Connected devices: [{"udid":"emulator-5554","state":"device"}]
[38;5;32m[AndroidUiautomator2Driver@5ad7 (1ed8a5f2)][0m Using device: emulator-5554
[38;5;48m[ADB][0m Using 'adb.exe' from 'C:\Users\danyal.hassan\AppData\Local\Android\Sdk\platform-tools\adb.exe'
[38;5;48m[ADB][0m Running 'C:\Users\danyal.hassan\AppData\Local\Android\Sdk\platform-tools\adb.exe -P 5037 start-server'
[38;5;48m[ADB][0m Setting device id to emulator-5554
[38;5;64m[BaseDriver][0m Using local app 'D:\AppiumProject\ApiDemos-debug.apk'
[38;5;32m[AndroidUiautomator2Driver@5ad7 (1ed8a5f2)][0m Checking whether app is actually present
[38;5;48m[ADB][0m Running 'C:\Users\danyal.hassan\AppData\Local\Android\Sdk\platform-tools\adb.exe -P 5037 -s emulator-5554 shell getprop ro.build.version.sdk'
[38;5;48m[ADB][0m Current device property 'ro.build.version.sdk': 34
[38;5;48m[ADB][0m Getting device platform version
[38;5;48m[ADB][0m Running 'C:\Users\danyal.hassan\AppData\Local\Android\Sdk\platform-tools\adb.exe -P 5037 -s emulator-5554 shell getprop ro.build.version.release'
[38;5;48m[ADB][0m Current device property 'ro.build.version.release': 14
[38;5;48m[ADB][0m Device API level: 34
[38;5;32m[AndroidUiautomator2Driver@5ad7 (1ed8a5f2)][0m Relaxing hidden api policy
[38;5;48m[ADB][0m Running 'C:\Users\danyal.hassan\AppData\Local\Android\Sdk\platform-tools\adb.exe -P 5037 -s emulator-5554 shell 'settings put global hidden_api_policy_pre_p_apps 1;settings put global hidden_api_policy_p_apps 1;settings put global hidden_api_policy 1''
[38;5;32m[AndroidUiautomator2Driver@5ad7 (1ed8a5f2)][0m Parsing package and activity from app manifest
[38;5;48m[ADB][0m Running 'C:\Users\danyal.hassan\AppData\Local\Android\Sdk\platform-tools\adb.exe -P 5037 -s emulator-5554 wait-for-device'
[38;5;48m[ADB][0m Package name: 'io.appium.android.apis'
[38;5;48m[ADB][0m Main activity name: 'io.appium.android.apis.ApiDemos'
[38;5;32m[AndroidUiautomator2Driver@5ad7 (1ed8a5f2)][0m Parsed package and activity are: io.appium.android.apis/io.appium.android.apis.ApiDemos
[38;5;48m[ADB][0m Running 'C:\Users\danyal.hassan\AppData\Local\Android\Sdk\platform-tools\adb.exe -P 5037 -s emulator-5554 shell echo ping'
[38;5;32m[AndroidUiautomator2Driver@5ad7 (1ed8a5f2)][0m Pushing settings apk to the device...
[38;5;48m[ADB][0m Getting package info for 'io.appium.settings'
[38;5;48m[ADB][0m Running 'C:\Users\danyal.hassan\AppData\Local\Android\Sdk\platform-tools\adb.exe -P 5037 -s emulator-5554 shell dumpsys package io.appium.settings'
[38;5;48m[ADB][0m The version name of the installed 'io.appium.settings' is greater or equal to the application version name ('5.7.9' >= '5.7.9')
[38;5;48m[ADB][0m There is no need to install/upgrade 'C:\Users\danyal.hassan\.appium\node_modules\appium-uiautomator2-driver\node_modules\io.appium.settings\apks\settings_apk-debug.apk'
[38;5;48m[ADB][0m Running 'C:\Users\danyal.hassan\AppData\Local\Android\Sdk\platform-tools\adb.exe -P 5037 -s emulator-5554 shell dumpsys activity services io.appium.settings'
[38;5;32m[AndroidUiautomator2Driver@5ad7 (1ed8a5f2)][0m io.appium.settings is already running. There is no need to reset its permissions.
[38;5;80m[Logcat][0m Starting logs capture with command: C:\\Users\\danyal.hassan\\AppData\\Local\\Android\\Sdk\\platform-tools\\adb.exe -P 5037 -s emulator-5554 logcat -v threadtime
[38;5;32m[AndroidUiautomator2Driver@5ad7 (1ed8a5f2)][0m Forwarding UiAutomator2 Server port 6790 to local port 8201
[38;5;48m[ADB][0m Forwarding system: 8201 to device: 6790
[38;5;48m[ADB][0m Running 'C:\Users\danyal.hassan\AppData\Local\Android\Sdk\platform-tools\adb.exe -P 5037 -s emulator-5554 forward tcp:8201 tcp:6790'
[38;5;48m[ADB][0m Getting package info for 'io.appium.uiautomator2.server'
[38;5;48m[ADB][0m Running 'C:\Users\danyal.hassan\AppData\Local\Android\Sdk\platform-tools\adb.exe -P 5037 -s emulator-5554 shell dumpsys package io.appium.uiautomator2.server'
[38;5;48m[ADB][0m Getting install status for io.appium.uiautomator2.server.test
[38;5;48m[ADB][0m Checking app cert for D:\AppiumProject\ApiDemos-debug.apk
[38;5;48m[ADB][0m Running 'C:\Users\danyal.hassan\AppData\Local\Android\Sdk\platform-tools\adb.exe -P 5037 -s emulator-5554 shell cmd package list packages'
[38;5;112m[Instrumentation][0m io.appium.uiautomator2.server.test.AppiumUiAutomator2Server:
[38;5;48m[ADB][0m Using the previously cached signature entry for 'ApiDemos-debug.apk'
[38;5;48m[ADB][0m Getting package info for 'io.appium.android.apis'
[38;5;48m[ADB][0m Running 'C:\Users\danyal.hassan\AppData\Local\Android\Sdk\platform-tools\adb.exe -P 5037 -s emulator-5554 shell dumpsys package io.appium.android.apis'
[38;5;48m[ADB][0m 'io.appium.uiautomator2.server.test' is installed
[38;5;48m[ADB][0m The version name of the installed 'io.appium.android.apis' is greater or equal to the application version name ('3.1.0' >= '3.1.0')
[38;5;48m[ADB][0m There is no need to install/upgrade 'D:\AppiumProject\ApiDemos-debug.apk'
[38;5;32m[AndroidUiautomator2Driver@5ad7 (1ed8a5f2)][0m Performing fast reset on 'io.appium.android.apis'
[38;5;48m[ADB][0m Getting install status for io.appium.android.apis
[38;5;48m[ADB][0m Running 'C:\Users\danyal.hassan\AppData\Local\Android\Sdk\platform-tools\adb.exe -P 5037 -s emulator-5554 shell cmd package list packages'
[38;5;48m[ADB][0m 'io.appium.android.apis' is installed
[38;5;48m[ADB][0m Running 'C:\Users\danyal.hassan\AppData\Local\Android\Sdk\platform-tools\adb.exe -P 5037 -s emulator-5554 shell am force-stop io.appium.android.apis'
[38;5;48m[ADB][0m Running 'C:\Users\danyal.hassan\AppData\Local\Android\Sdk\platform-tools\adb.exe -P 5037 -s emulator-5554 shell pm clear io.appium.android.apis'
[38;5;48m[ADB][0m The version name of the installed 'io.appium.uiautomator2.server' is greater or equal to the application version name ('7.0.5' >= '7.0.5')
[38;5;32m[AndroidUiautomator2Driver@5ad7 (1ed8a5f2)][0m Server packages status: [{"installState":"sameVersionInstalled","appPath":"C:\\Users\\danyal.hassan\\.appium\\node_modules\\appium-uiautomator2-driver\\node_modules\\appium-uiautomator2-server\\apks\\appium-uiautomator2-server-v7.0.5.apk","appId":"io.appium.uiautomator2.server"},{"installState":"sameVersionInstalled","appPath":"C:\\Users\\danyal.hassan\\.appium\\node_modules\\appium-uiautomator2-driver\\node_modules\\appium-uiautomator2-server\\apks\\appium-uiautomator2-server-debug-androidTest.apk","appId":"io.appium.uiautomator2.server.test"}]
[38;5;32m[AndroidUiautomator2Driver@5ad7 (1ed8a5f2)][0m Server packages are not going to be (re)installed
[38;5;32m[AndroidUiautomator2Driver@5ad7 (1ed8a5f2)][0m Waiting up to 30000ms for services to be available
[38;5;48m[ADB][0m Running 'C:\Users\danyal.hassan\AppData\Local\Android\Sdk\platform-tools\adb.exe -P 5037 -s emulator-5554 shell pm list instrumentation'
[38;5;32m[AndroidUiautomator2Driver@5ad7 (1ed8a5f2)][0m Instrumentation target 'io.appium.uiautomator2.server.test/androidx.test.runner.AndroidJUnitRunner' is available
[38;5;48m[ADB][0m Adding packages ["io.appium.settings","io.appium.uiautomator2.server","io.appium.uiautomator2.server.test"] to Doze whitelist
[38;5;48m[ADB][0m Got the following command chunks to execute: [["dumpsys","deviceidle","whitelist","+io.appium.settings",";","dumpsys","deviceidle","whitelist","+io.appium.uiautomator2.server",";","dumpsys","deviceidle","whitelist","+io.appium.uiautomator2.server.test",";"]]
[38;5;48m[ADB][0m Running 'C:\Users\danyal.hassan\AppData\Local\Android\Sdk\platform-tools\adb.exe -P 5037 -s emulator-5554 shell dumpsys deviceidle whitelist +io.appium.settings ; dumpsys deviceidle whitelist +io.appium.uiautomator2.server ; dumpsys deviceidle whitelist +io.appium.uiautomator2.server.test ;'
[38;5;32m[AndroidUiautomator2Driver@5ad7 (1ed8a5f2)][0m Performed fast reset on the installed 'io.appium.android.apis' application (stop and clear)
[38;5;32m[AndroidUiautomator2Driver@5ad7 (1ed8a5f2)][0m Performing shallow cleanup of automation leftovers
[38;5;32m[AndroidUiautomator2Driver@5ad7 (1ed8a5f2)][0m No obsolete sessions have been detected (socket hang up)
[38;5;48m[ADB][0m Running 'C:\Users\danyal.hassan\AppData\Local\Android\Sdk\platform-tools\adb.exe -P 5037 -s emulator-5554 shell am force-stop io.appium.uiautomator2.server.test'
[38;5;32m[AndroidUiautomator2Driver@5ad7 (1ed8a5f2)][0m Starting UIAutomator2 server 7.0.5
[38;5;32m[AndroidUiautomator2Driver@5ad7 (1ed8a5f2)][0m Using UIAutomator2 server from 'C:\Users\danyal.hassan\.appium\node_modules\appium-uiautomator2-driver\node_modules\appium-uiautomator2-server\apks\appium-uiautomator2-server-v7.0.5.apk' and test from 'C:\Users\danyal.hassan\.appium\node_modules\appium-uiautomator2-driver\node_modules\appium-uiautomator2-server\apks\appium-uiautomator2-server-debug-androidTest.apk'
[38;5;32m[AndroidUiautomator2Driver@5ad7 (1ed8a5f2)][0m Waiting up to 30000ms for UiAutomator2 to be online...
[38;5;48m[ADB][0m Creating ADB subprocess with args: ["-P","5037","-s","emulator-5554","shell","am","instrument","-w","-e","disableAnalytics","true","io.appium.uiautomator2.server.test/androidx.test.runner.AndroidJUnitRunner"]
[38;5;32m[AndroidUiautomator2Driver@5ad7 (1ed8a5f2)][0m Matched '/status' to command name 'getStatus'
[38;5;32m[AndroidUiautomator2Driver@5ad7 (1ed8a5f2)][0m Proxying [GET /status] to [GET http://127.0.0.1:8201/status] with no body
[38;5;32m[AndroidUiautomator2Driver@5ad7 (1ed8a5f2)][0m socket hang up
[38;5;32m[AndroidUiautomator2Driver@5ad7 (1ed8a5f2)][0m Matched '/status' to command name 'getStatus'
[38;5;32m[AndroidUiautomator2Driver@5ad7 (1ed8a5f2)][0m Proxying [GET /status] to [GET http://127.0.0.1:8201/status] with no body
[38;5;32m[AndroidUiautomator2Driver@5ad7 (1ed8a5f2)][0m socket hang up
[38;5;112m[Instrumentation][0m INSTRUMENTATION_RESULT: shortMsg=Process crashed.
[38;5;112m[Instrumentation][0m INSTRUMENTATION_CODE: 0
[38;5;32m[AndroidUiautomator2Driver@5ad7 (1ed8a5f2)][0m Matched '/status' to command name 'getStatus'
[38;5;32m[AndroidUiautomator2Driver@5ad7 (1ed8a5f2)][0m Proxying [GET /status] to [GET http://127.0.0.1:8201/status] with no body
[38;5;112m[Instrumentation][0m The process has exited with code 0
[38;5;32m[AndroidUiautomator2Driver@5ad7 (1ed8a5f2)][0m socket hang up
[38;5;32m[AndroidUiautomator2Driver@5ad7 (1ed8a5f2)][0m Matched '/status' to command name 'getStatus'
[38;5;32m[AndroidUiautomator2Driver@5ad7 (1ed8a5f2)][0m Proxying [GET /status] to [GET http://127.0.0.1:8201/status] with no body
[38;5;32m[AndroidUiautomator2Driver@5ad7 (1ed8a5f2)][0m socket hang up
[38;5;32m[AndroidUiautomator2Driver@5ad7 (1ed8a5f2)][0m Matched '/status' to command name 'getStatus'
[38;5;32m[AndroidUiautomator2Driver@5ad7 (1ed8a5f2)][0m Proxying [GET /status] to [GET http://127.0.0.1:8201/status] with no body
[38;5;32m[AndroidUiautomator2Driver@5ad7 (1ed8a5f2)][0m socket hang up
[38;5;32m[AndroidUiautomator2Driver@5ad7 (1ed8a5f2)][0m Matched '/status' to command name 'getStatus'
[38;5;32m[AndroidUiautomator2Driver@5ad7 (1ed8a5f2)][0m Proxying [GET /status] to [GET http://127.0.0.1:8201/status] with no body
[38;5;32m[AndroidUiautomator2Driver@5ad7 (1ed8a5f2)][0m socket hang up
[38;5;112m[Instrumentation][0m io.appium.uiautomator2.server.test.AppiumUiAutomator2Server:
[38;5;32m[AndroidUiautomator2Driver@5ad7 (1ed8a5f2)][0m Matched '/status' to command name 'getStatus'
[38;5;32m[AndroidUiautomator2Driver@5ad7 (1ed8a5f2)][0m Proxying [GET /status] to [GET http://127.0.0.1:8201/status] with no body
[38;5;32m[AndroidUiautomator2Driver@5ad7 (1ed8a5f2)][0m socket hang up
[38;5;32m[AndroidUiautomator2Driver@5ad7 (1ed8a5f2)][0m Matched '/status' to command name 'getStatus'
[38;5;32m[AndroidUiautomator2Driver@5ad7 (1ed8a5f2)][0m Proxying [GET /status] to [GET http://127.0.0.1:8201/status] with no body
[38;5;32m[AndroidUiautomator2Driver@5ad7 (1ed8a5f2)][0m socket hang up
[38;5;32m[AndroidUiautomator2Driver@5ad7 (1ed8a5f2)][0m Matched '/status' to command name 'getStatus'
[38;5;32m[AndroidUiautomator2Driver@5ad7 (1ed8a5f2)][0m Proxying [GET /status] to [GET http://127.0.0.1:8201/status] with no body
[38;5;32m[AndroidUiautomator2Driver@5ad7 (1ed8a5f2)][0m Got response with status 200: {"sessionId":"None","value":{"message":"UiAutomator2 Server is ready to accept commands","ready":true}}
[38;5;32m[AndroidUiautomator2Driver@5ad7 (1ed8a5f2)][0m The initialization of the instrumentation process took 8872ms
[38;5;32m[AndroidUiautomator2Driver@5ad7 (1ed8a5f2)][0m Matched '/session' to command name 'createSession'
[38;5;32m[AndroidUiautomator2Driver@5ad7 (1ed8a5f2)][0m Proxying [POST /session] to [POST http://127.0.0.1:8201/session] with body: {"capabilities":{"firstMatch":[{"platformName":"Android","deviceName":"emulator-5554","app":"D:\\AppiumProject\\ApiDemos-debug.apk","automationName":"UiAutomator2","platform":"LINUX","webStorageEnabled":false,"takesScreenshot":true,"javascriptEnabled":true,"databaseEnabled":false,"networkConnectionEnabled":true,"locationContextEnabled":false,"warnings":{},"desired":{"platformName":"Android","deviceName":"Android GoogleAPI Emulator","app":"D:\\AppiumProject\\ApiDemos-debug.apk","automationName":"UiAutomator2"},"deviceUDID":"emulator-5554","appPackage":"io.appium.android.apis"}],"alwaysMatch":{}}}
[38;5;32m[AndroidUiautomator2Driver@5ad7 (1ed8a5f2)][0m Got response with status 200: {"sessionId":"cca1a4ab-a68d-499e-8171-b738d959dadd","value":{"capabilities":{"firstMatch":[{"platformName":"Android","deviceName":"emulator-5554","app":"D:\\AppiumProject\\ApiDemos-debug.apk","automationName":"UiAutomator2","platform":"LINUX","webStorageEnabled":false,"takesScreenshot":true,"javascriptEnabled":true,"databaseEnabled":false,"networkConnectionEnabled":true,"locationContextEnabled":false,"warnings":{},"desired":{"platformName":"Android","deviceName":"Android GoogleAPI Emulator","app":"D:\\AppiumProject\\ApiDemos-debug.apk","automationName":"UiAutomator2"},"deviceUDID":"emulator-5554","appPackage":"io.appium.android.apis"}],"alwaysMatch":{}},"sessionId":"cca1a4ab-a68d-499e-8171-b738d959dadd"}}
[38;5;32m[AndroidUiautomator2Driver@5ad7 (1ed8a5f2)][0m Determined the downstream protocol as 'W3C'
[38;5;32m[AndroidUiautomator2Driver@5ad7 (1ed8a5f2)][0m Proxying [GET /appium/device/pixel_ratio] to [GET http://127.0.0.1:8201/session/cca1a4ab-a68d-499e-8171-b738d959dadd/appium/device/pixel_ratio] with no body
[38;5;32m[AndroidUiautomator2Driver@5ad7 (1ed8a5f2)][0m Matched '/appium/device/system_bars' to command name 'getSystemBars'
[38;5;32m[AndroidUiautomator2Driver@5ad7 (1ed8a5f2)][0m Proxying [GET /appium/device/system_bars] to [GET http://127.0.0.1:8201/session/cca1a4ab-a68d-499e-8171-b738d959dadd/appium/device/system_bars] with no body
[38;5;32m[AndroidUiautomator2Driver@5ad7 (1ed8a5f2)][0m Matched '/window/current/size' to command name 'getWindowSize'
[38;5;32m[AndroidUiautomator2Driver@5ad7 (1ed8a5f2)][0m Proxying [GET /window/current/size] to [GET http://127.0.0.1:8201/session/cca1a4ab-a68d-499e-8171-b738d959dadd/window/current/size] with no body
[38;5;32m[AndroidUiautomator2Driver@5ad7 (1ed8a5f2)][0m Proxying [GET /appium/device/info] to [GET http://127.0.0.1:8201/session/cca1a4ab-a68d-499e-8171-b738d959dadd/appium/device/info] with no body
[38;5;48m[ADB][0m Running 'C:\Users\danyal.hassan\AppData\Local\Android\Sdk\platform-tools\adb.exe -P 5037 -s emulator-5554 shell dumpsys window'
[38;5;32m[AndroidUiautomator2Driver@5ad7 (1ed8a5f2)][0m Got response with status 200: {"sessionId":"cca1a4ab-a68d-499e-8171-b738d959dadd","value":2.625}
[38;5;32m[AndroidUiautomator2Driver@5ad7 (1ed8a5f2)][0m Got response with status 200: {"sessionId":"cca1a4ab-a68d-499e-8171-b738d959dadd","value":{"height":2340,"width":1080}}
[38;5;32m[AndroidUiautomator2Driver@5ad7 (1ed8a5f2)][0m Got response with status 200: {"sessionId":"cca1a4ab-a68d-499e-8171-b738d959dadd","value":{"statusBar":63}}
[38;5;32m[AndroidUiautomator2Driver@5ad7 (1ed8a5f2)][0m Got response with status 200: {"sessionId":"cca1a4ab-a68d-499e-8171-b738d959dadd","value":{"androidId":"447986652d320b0c","apiVersion":"34","bluetooth":{"state":"ON"},"brand":"google","carrierName":"T-Mobile","displayDensity":420,"locale":"en_US","manufacturer":"Google","model":"sdk_gphone64_x86_64","networks":[{"capabilities":{"SSID":null,"linkDownBandwidthKbps":30000,"linkUpstreamBandwidthKbps":12000,"networkCapabilities":"NET_CAPABILITY_NOT_METERED,NET_CAPABILITY_INTERNET,NET_CAPABILITY_NOT_RESTRICTED,NET_CAPABILITY_TRUSTED,NET_CAPABILITY_NOT_VPN,NET_CAPABILITY_VALIDATED,NET_CAPABILITY_NOT_ROAMING,NET_CAPABILITY_FOREGROUND,NET_CAPABILITY_NOT_CONGESTED,NET_CAPABILITY_NOT_SUSPENDED","signalStrength":-50,"transportTypes":"TRANSPORT_WIFI"},"detailedState":"CONNECTED","extraInfo":"","isAvailable":true,"isConnected":true,"isFailover":false,"isRoaming":false,"state":"CONNECTED","subtype":-1,"subtypeName":"","type":1,"typeName":"WIFI"},{"capabilities":{"SSID":null,"linkDownBandwidthKbps":4300,"linkUpstreamBandwidthKbps":1800,"networkCapabil...
[38;5;32m[AndroidUiautomator2Driver@5ad7 (1ed8a5f2)][0m Screen already unlocked, doing nothing
[38;5;32m[AndroidUiautomator2Driver@5ad7 (1ed8a5f2)][0m Starting 'io.appium.android.apis/io.appium.android.apis.ApiDemos and waiting for 'io.appium.android.apis/io.appium.android.apis.ApiDemos'
[38;5;48m[ADB][0m Running 'C:\Users\danyal.hassan\AppData\Local\Android\Sdk\platform-tools\adb.exe -P 5037 -s emulator-5554 shell am start -W -n io.appium.android.apis/io.appium.android.apis.ApiDemos -S -a android.intent.action.MAIN -c android.intent.category.LAUNCHER -f 0x10200000'
[38;5;48m[ADB][0m Waiting up to 20000ms for activity matching pkg: 'io.appium.android.apis' and activity: 'io.appium.android.apis.ApiDemos' to be focused
[38;5;48m[ADB][0m Possible activities, to be checked: 'io.appium.android.apis.ApiDemos', 'io.appium.android.apis.io.appium.android.apis.ApiDemos'
[38;5;48m[ADB][0m Getting focused package and activity
[38;5;48m[ADB][0m Running 'C:\Users\danyal.hassan\AppData\Local\Android\Sdk\platform-tools\adb.exe -P 5037 -s emulator-5554 shell dumpsys window displays'
[38;5;48m[ADB][0m Found package: 'io.appium.android.apis' and fully qualified activity name : 'io.appium.android.apis.ApiDemos'
[38;5;16m[AppiumDriver@d4d8][0m New AndroidUiautomator2Driver session created successfully, session 1ed8a5f2-3731-4c45-aaea-6f96bfcc98a9 added to master session list
[38;5;16m[AppiumDriver@d4d8][0m Event 'newSessionStarted' logged at 1714296838371 (14:33:58 GMT+0500 (Pakistan Standard Time))
[38;5;32m[AndroidUiautomator2Driver@5ad7 (1ed8a5f2)][0m Cached the protocol value 'W3C' for the new session 1ed8a5f2-3731-4c45-aaea-6f96bfcc98a9
[38;5;32m[AndroidUiautomator2Driver@5ad7 (1ed8a5f2)][0m Responding to client with driver.createSession() result: {"capabilities":{"platformName":"Android","deviceName":"emulator-5554","app":"D:\\AppiumProject\\ApiDemos-debug.apk","automationName":"UiAutomator2","platform":"LINUX","webStorageEnabled":false,"takesScreenshot":true,"javascriptEnabled":true,"databaseEnabled":false,"networkConnectionEnabled":true,"locationContextEnabled":false,"warnings":{},"desired":{"platformName":"Android","deviceName":"Android GoogleAPI Emulator","app":"D:\\AppiumProject\\ApiDemos-debug.apk","automationName":"UiAutomator2"},"deviceUDID":"emulator-5554","appPackage":"io.appium.android.apis","pixelRatio":"2.625","statBarHeight":63,"viewportRect":{"left":0,"top":63,"width":1080,"height":2277},"deviceApiLevel":34,"platformVersion":"14","deviceManufacturer":"Google","deviceModel":"sdk_gphone64_x86_64","deviceScreenSize":"1080x2340","deviceScreenDensity":420}}
[38;5;0m[HTTP][0m [37m<-- POST /session [39m[32m200[39m [90m19941 ms - 897[39m
[38;5;0m[HTTP][0m [90m[39m
[38;5;0m[HTTP][0m [37m-->[39m [37mDELETE[39m [37m/session/1ed8a5f2-3731-4c45-aaea-6f96bfcc98a9[39m
[38;5;0m[HTTP][0m [90m{}[39m
[38;5;32m[AndroidUiautomator2Driver@5ad7 (1ed8a5f2)][0m Calling AppiumDriver.deleteSession() with args: ["1ed8a5f2-3731-4c45-aaea-6f96bfcc98a9"]
[38;5;16m[AppiumDriver@d4d8][0m Event 'quitSessionRequested' logged at 1714296838477 (14:33:58 GMT+0500 (Pakistan Standard Time))
[38;5;16m[AppiumDriver@d4d8][0m Removing session 1ed8a5f2-3731-4c45-aaea-6f96bfcc98a9 from our master session list
[38;5;32m[AndroidUiautomator2Driver@5ad7 (1ed8a5f2)][0m Deleting UiAutomator2 session
[38;5;32m[AndroidUiautomator2Driver@5ad7 (1ed8a5f2)][0m Deleting UiAutomator2 server session
[38;5;32m[AndroidUiautomator2Driver@5ad7 (1ed8a5f2)][0m Matched '/' to command name 'deleteSession'
[38;5;32m[AndroidUiautomator2Driver@5ad7 (1ed8a5f2)][0m Proxying [DELETE /] to [DELETE http://127.0.0.1:8201/session/cca1a4ab-a68d-499e-8171-b738d959dadd] with no body
[38;5;32m[AndroidUiautomator2Driver@5ad7 (1ed8a5f2)][0m Got response with status 200: {"sessionId":"cca1a4ab-a68d-499e-8171-b738d959dadd","value":null}
[38;5;48m[ADB][0m Running 'C:\Users\danyal.hassan\AppData\Local\Android\Sdk\platform-tools\adb.exe -P 5037 -s emulator-5554 shell dumpsys activity services io.appium.settings/.recorder.RecorderService'
[38;5;48m[ADB][0m Running 'C:\Users\danyal.hassan\AppData\Local\Android\Sdk\platform-tools\adb.exe -P 5037 -s emulator-5554 shell am force-stop io.appium.android.apis'
[38;5;112m[Instrumentation][0m .
[38;5;112m[Instrumentation][0m Time: 9.29
[38;5;112m[Instrumentation][0m 
[38;5;112m[Instrumentation][0m OK (1 test)
[38;5;112m[Instrumentation][0m The process has exited with code 0
[38;5;80m[Logcat][0m Stopping logcat capture
[38;5;48m[ADB][0m Removing forwarded port socket connection: 8201 
[38;5;48m[ADB][0m Running 'C:\Users\danyal.hassan\AppData\Local\Android\Sdk\platform-tools\adb.exe -P 5037 -s emulator-5554 forward --remove tcp:8201'
[38;5;32m[AndroidUiautomator2Driver@5ad7 (1ed8a5f2)][0m Restoring hidden api policy to the device default configuration
[38;5;48m[ADB][0m Running 'C:\Users\danyal.hassan\AppData\Local\Android\Sdk\platform-tools\adb.exe -P 5037 -s emulator-5554 shell 'settings delete global hidden_api_policy_pre_p_apps;settings delete global hidden_api_policy_p_apps;settings delete global hidden_api_policy''
[38;5;16m[AppiumDriver@d4d8][0m Event 'quitSessionFinished' logged at 1714296841273 (14:34:01 GMT+0500 (Pakistan Standard Time))
[38;5;16m[AppiumDriver@d4d8][0m Received response: null
[38;5;16m[AppiumDriver@d4d8][0m But deleting session, so not returning
[38;5;16m[AppiumDriver@d4d8][0m Responding to client with driver.deleteSession() result: null
[38;5;0m[HTTP][0m [37m<-- DELETE /session/1ed8a5f2-3731-4c45-aaea-6f96bfcc98a9 [39m[32m200[39m [90m2803 ms - 14[39m
[38;5;0m[HTTP][0m [90m[39m
